<?xml version="1.0" encoding="UTF-8"?>
<testng-results ignored="0" total="6" passed="5" failed="1" skipped="0">
  <reporter-output>
  </reporter-output>
  <suite started-at="2025-08-08T19:01:50 IST" name="Check ECom Site" finished-at="2025-08-08T19:02:14 IST" duration-ms="24294">
    <groups>
    </groups>
    <test started-at="2025-08-08T19:01:50 IST" name="Test" finished-at="2025-08-08T19:02:14 IST" duration-ms="24294">
      <class name="testcases.HomePageTest">
        <test-method is-config="true" signature="Setup()[pri:0, instance:testcases.HomePageTest@60bd273d]" started-at="2025-08-08T19:01:50 IST" name="Setup" finished-at="2025-08-08T19:02:00 IST" duration-ms="9833" status="PASS">
          <reporter-output>
          </reporter-output>
        </test-method> <!-- Setup -->
        <test-method signature="Validate_HomePage_Title()[pri:1, instance:testcases.HomePageTest@60bd273d]" started-at="2025-08-08T19:02:00 IST" name="Validate_HomePage_Title" finished-at="2025-08-08T19:02:00 IST" duration-ms="47" status="PASS">
          <reporter-output>
          </reporter-output>
        </test-method> <!-- Validate_HomePage_Title -->
        <test-method signature="Validate_HomePage_logo()[pri:2, instance:testcases.HomePageTest@60bd273d]" started-at="2025-08-08T19:02:01 IST" name="Validate_HomePage_logo" finished-at="2025-08-08T19:02:01 IST" depends-on-methods="testcases.HomePageTest.Validate_HomePage_Title" duration-ms="80" status="PASS">
          <reporter-output>
          </reporter-output>
        </test-method> <!-- Validate_HomePage_logo -->
        <test-method signature="Validate_Social_Media()[pri:3, instance:testcases.HomePageTest@60bd273d]" started-at="2025-08-08T19:02:01 IST" name="Validate_Social_Media" finished-at="2025-08-08T19:02:01 IST" duration-ms="113" status="PASS">
          <reporter-output>
          </reporter-output>
        </test-method> <!-- Validate_Social_Media -->
        <test-method signature="Validate_ManuText()[pri:4, instance:testcases.HomePageTest@60bd273d]" started-at="2025-08-08T19:02:01 IST" name="Validate_ManuText" finished-at="2025-08-08T19:02:02 IST" duration-ms="270" status="PASS">
          <reporter-output>
          </reporter-output>
        </test-method> <!-- Validate_ManuText -->
        <test-method signature="Validate_Get_Product_Text()[pri:5, instance:testcases.HomePageTest@60bd273d]" started-at="2025-08-08T19:02:02 IST" name="Validate_Get_Product_Text" finished-at="2025-08-08T19:02:02 IST" duration-ms="346" status="PASS">
          <reporter-output>
          </reporter-output>
        </test-method> <!-- Validate_Get_Product_Text -->
        <test-method signature="Validate_Search_Product_Functionality()[pri:6, instance:testcases.HomePageTest@60bd273d]" started-at="2025-08-08T19:02:02 IST" name="Validate_Search_Product_Functionality" finished-at="2025-08-08T19:02:13 IST" duration-ms="10697" status="FAIL">
          <exception class="org.openqa.selenium.TimeoutException">
            <message>
              <![CDATA[Expected condition failed: waiting for visibility of [[ChromeDriver: chrome on windows (d4dfe5bf25e7a1c9aaee0194876f39db)] -> xpath: //button[@data-id='search']] (tried for 10 second(s) with 500 milliseconds interval)
Build info: version: '4.33.0', revision: '2c6aaad03a'
System info: os.name: 'Windows 10', os.arch: 'amd64', os.version: '10.0', java.version: '21.0.4'
Driver info: org.openqa.selenium.chrome.ChromeDriver
Capabilities {acceptInsecureCerts: false, browserName: chrome, browserVersion: 138.0.7204.185, chrome: {chromedriverVersion: 138.0.7204.183 (e90faf484dd..., userDataDir: C:\Users\1183\AppData\Local...}, fedcm:accounts: true, goog:chromeOptions: {debuggerAddress: localhost:59295}, networkConnectionEnabled: false, pageLoadStrategy: normal, platformName: windows, proxy: Proxy(), se:cdp: ws://localhost:59295/devtoo..., se:cdpVersion: 138.0.7204.185, setWindowRect: true, strictFileInteractability: false, timeouts: {implicit: 0, pageLoad: 300000, script: 30000}, unhandledPromptBehavior: dismiss and notify, webauthn:extension:credBlob: true, webauthn:extension:largeBlob: true, webauthn:extension:minPinLength: true, webauthn:extension:prf: true, webauthn:virtualAuthenticators: true}
Session ID: d4dfe5bf25e7a1c9aaee0194876f39db]]>
            </message>
            <full-stacktrace>
              <![CDATA[org.openqa.selenium.TimeoutException: Expected condition failed: waiting for visibility of [[ChromeDriver: chrome on windows (d4dfe5bf25e7a1c9aaee0194876f39db)] -> xpath: //button[@data-id='search']] (tried for 10 second(s) with 500 milliseconds interval)
Build info: version: '4.33.0', revision: '2c6aaad03a'
System info: os.name: 'Windows 10', os.arch: 'amd64', os.version: '10.0', java.version: '21.0.4'
Driver info: org.openqa.selenium.chrome.ChromeDriver
Capabilities {acceptInsecureCerts: false, browserName: chrome, browserVersion: 138.0.7204.185, chrome: {chromedriverVersion: 138.0.7204.183 (e90faf484dd..., userDataDir: C:\Users\1183\AppData\Local...}, fedcm:accounts: true, goog:chromeOptions: {debuggerAddress: localhost:59295}, networkConnectionEnabled: false, pageLoadStrategy: normal, platformName: windows, proxy: Proxy(), se:cdp: ws://localhost:59295/devtoo..., se:cdpVersion: 138.0.7204.185, setWindowRect: true, strictFileInteractability: false, timeouts: {implicit: 0, pageLoad: 300000, script: 30000}, unhandledPromptBehavior: dismiss and notify, webauthn:extension:credBlob: true, webauthn:extension:largeBlob: true, webauthn:extension:minPinLength: true, webauthn:extension:prf: true, webauthn:virtualAuthenticators: true}
Session ID: d4dfe5bf25e7a1c9aaee0194876f39db
at org.openqa.selenium.support.ui.WebDriverWait.timeoutException(WebDriverWait.java:84)
at org.openqa.selenium.support.ui.FluentWait.until(FluentWait.java:228)
at Utilities.Utils.Waitfor(Utils.java:23)
at pages.HomePage.Search_Functionality(HomePage.java:94)
at testcases.HomePageTest.Validate_Search_Product_Functionality(HomePageTest.java:65)
at java.base/jdk.internal.reflect.DirectMethodHandleAccessor.invoke(DirectMethodHandleAccessor.java:103)
at java.base/java.lang.reflect.Method.invoke(Method.java:580)
at org.testng.internal.MethodInvocationHelper.invokeMethod(MethodInvocationHelper.java:133)
at org.testng.internal.TestInvoker.invokeMethod(TestInvoker.java:598)
at org.testng.internal.TestInvoker.invokeTestMethod(TestInvoker.java:173)
at org.testng.internal.MethodRunner.runInSequence(MethodRunner.java:46)
at org.testng.internal.TestInvoker$MethodInvocationAgent.invoke(TestInvoker.java:824)
at org.testng.internal.TestInvoker.invokeTestMethods(TestInvoker.java:146)
at org.testng.internal.TestMethodWorker.invokeTestMethods(TestMethodWorker.java:146)
at org.testng.internal.TestMethodWorker.run(TestMethodWorker.java:128)
at java.base/java.util.ArrayList.forEach(ArrayList.java:1596)
at org.testng.TestRunner.privateRun(TestRunner.java:794)
at org.testng.TestRunner.run(TestRunner.java:596)
at org.testng.SuiteRunner.runTest(SuiteRunner.java:377)
at org.testng.SuiteRunner.runSequentially(SuiteRunner.java:371)
at org.testng.SuiteRunner.privateRun(SuiteRunner.java:332)
at org.testng.SuiteRunner.run(SuiteRunner.java:276)
at org.testng.SuiteRunnerWorker.runSuite(SuiteRunnerWorker.java:53)
at org.testng.SuiteRunnerWorker.run(SuiteRunnerWorker.java:96)
at org.testng.TestNG.runSuitesSequentially(TestNG.java:1212)
at org.testng.TestNG.runSuitesLocally(TestNG.java:1134)
at org.testng.TestNG.runSuites(TestNG.java:1063)
at org.testng.TestNG.run(TestNG.java:1031)
at org.testng.remote.AbstractRemoteTestNG.run(AbstractRemoteTestNG.java:115)
at org.testng.remote.RemoteTestNG.initAndRun(RemoteTestNG.java:293)
at org.testng.remote.RemoteTestNG.main(RemoteTestNG.java:91)
]]>
            </full-stacktrace>
          </exception> <!-- org.openqa.selenium.TimeoutException -->
          <reporter-output>
          </reporter-output>
        </test-method> <!-- Validate_Search_Product_Functionality -->
        <test-method is-config="true" signature="quit()[pri:0, instance:testcases.HomePageTest@60bd273d]" started-at="2025-08-08T19:02:13 IST" name="quit" finished-at="2025-08-08T19:02:14 IST" duration-ms="767" status="PASS">
          <reporter-output>
          </reporter-output>
        </test-method> <!-- quit -->
      </class> <!-- testcases.HomePageTest -->
    </test> <!-- Test -->
  </suite> <!-- Check ECom Site -->
</testng-results>
